d:\temp\original (2)\cheatdll\debug\cheatdll.lib
d:\temp\original (2)\cheatdll\debug\cheatdll.exp
d:\temp\original (2)\cheatdll\hookdemo\debug\cheatdll.pch
d:\temp\original (2)\cheatdll\hookdemo\debug\vc141.pdb
d:\temp\original (2)\cheatdll\hookdemo\debug\vc141.idb
d:\temp\original (2)\cheatdll\hookdemo\debug\stdafx.obj
d:\temp\original (2)\cheatdll\hookdemo\debug\vehhook.obj
d:\temp\original (2)\cheatdll\hookdemo\debug\ldasm.obj
d:\temp\original (2)\cheatdll\hookdemo\debug\inlinehook.obj
d:\temp\original (2)\cheatdll\hookdemo\debug\iathook.obj
d:\temp\original (2)\cheatdll\hookdemo\debug\hookdemo.obj
d:\temp\original (2)\cheatdll\hookdemo\debug\eathook.obj
d:\temp\original (2)\cheatdll\debug\cheatdll.ilk
d:\temp\original (2)\cheatdll\debug\cheatdll.dll
d:\temp\original (2)\cheatdll\debug\cheatdll.pdb
d:\temp\original (2)\cheatdll\hookdemo\debug\cheatdll.tlog\cheatdll.write.1u.tlog
d:\temp\original (2)\cheatdll\hookdemo\debug\cheatdll.tlog\cl.command.1.tlog
d:\temp\original (2)\cheatdll\hookdemo\debug\cheatdll.tlog\cl.read.1.tlog
d:\temp\original (2)\cheatdll\hookdemo\debug\cheatdll.tlog\cl.write.1.tlog
d:\temp\original (2)\cheatdll\hookdemo\debug\cheatdll.tlog\link.command.1.tlog
d:\temp\original (2)\cheatdll\hookdemo\debug\cheatdll.tlog\link.read.1.tlog
d:\temp\original (2)\cheatdll\hookdemo\debug\cheatdll.tlog\link.write.1.tlog
